<?xml version="1.0" encoding="UTF-8"?>
<!-- Generated by org.testng.reporters.JUnitXMLReporter -->
<testsuite ignored="1" hostname="ImPacific" failures="0" tests="2" name="Surefire test" time="25.037" errors="0" timestamp="26 Jun 2024 19:42:47 GMT">
  <testcase classname="com.orangeHRM.qa.tests.LoginPageTest" name="verifyLogin" time="1.179"/>
  <testcase classname="com.orangeHRM.qa.tests.MyInfoPageTest" name="validateUserCanEditPersonalDetails" time="0.756"/>
  <testcase classname="com.orangeHRM.qa.tests.MyInfoPageTest" name="validateUserIsAbleToSeePersonalDetails" time="0.0">
    <ignored/>
  </testcase> <!-- validateUserIsAbleToSeePersonalDetails -->
</testsuite> <!-- Surefire test -->
