<?xml version="1.0" encoding="UTF-8"?>
<!-- Generated by org.testng.reporters.JUnitXMLReporter -->
<testsuite ignored="1" hostname="ImPacific" failures="0" tests="1" name="Default test" time="22.588" errors="0" timestamp="2024-06-23T23:19:30 IST">
  <testcase classname="com.orangeHRM.qa.tests.MyInfoPageTest" name="validateUserCanEditPersonalDetails" time="0.965"/>
  <testcase classname="com.orangeHRM.qa.tests.MyInfoPageTest" name="validateUserIsAbleToSeePersonalDetails" time="0.0">
    <ignored/>
  </testcase> <!-- validateUserIsAbleToSeePersonalDetails -->
</testsuite> <!-- Default test -->
