<?xml version="1.0" encoding="UTF-8"?>
<testng-results ignored="1" total="3" passed="2" failed="0" skipped="0">
  <reporter-output>
  </reporter-output>
  <suite started-at="2024-06-26T19:42:22Z" name="Surefire suite" finished-at="2024-06-26T19:42:47Z" duration-ms="25037">
    <groups>
    </groups>
    <test started-at="2024-06-26T19:42:22Z" name="Surefire test" finished-at="2024-06-26T19:42:47Z" duration-ms="25037">
      <class name="com.orangeHRM.qa.tests.MyInfoPageTest">
        <test-method is-config="true" signature="setup()[pri:0, instance:com.orangeHRM.qa.tests.MyInfoPageTest@45752059]" started-at="2024-06-26T19:42:27Z" name="setup" finished-at="2024-06-26T19:42:46Z" duration-ms="18986" status="PASS">
          <reporter-output>
          </reporter-output>
        </test-method> <!-- setup -->
        <test-method signature="validateUserCanEditPersonalDetails()[pri:0, instance:com.orangeHRM.qa.tests.MyInfoPageTest@45752059]" started-at="2024-06-26T19:42:46Z" name="validateUserCanEditPersonalDetails" finished-at="2024-06-26T19:42:47Z" duration-ms="756" status="PASS">
          <reporter-output>
          </reporter-output>
        </test-method> <!-- validateUserCanEditPersonalDetails -->
        <test-method is-config="true" signature="kill()[pri:0, instance:com.orangeHRM.qa.tests.MyInfoPageTest@45752059]" started-at="2024-06-26T19:42:47Z" name="kill" finished-at="2024-06-26T19:42:47Z" duration-ms="154" status="PASS">
          <reporter-output>
          </reporter-output>
        </test-method> <!-- kill -->
      </class> <!-- com.orangeHRM.qa.tests.MyInfoPageTest -->
      <class name="com.orangeHRM.qa.tests.LoginPageTest">
        <test-method is-config="true" signature="setup()[pri:0, instance:com.orangeHRM.qa.tests.LoginPageTest@36ebc363]" started-at="2024-06-26T19:42:22Z" name="setup" finished-at="2024-06-26T19:42:26Z" duration-ms="3799" status="PASS">
          <reporter-output>
          </reporter-output>
        </test-method> <!-- setup -->
        <test-method signature="verifyLogin()[pri:0, instance:com.orangeHRM.qa.tests.LoginPageTest@36ebc363]" started-at="2024-06-26T19:42:26Z" name="verifyLogin" finished-at="2024-06-26T19:42:27Z" duration-ms="1179" status="PASS">
          <reporter-output>
          </reporter-output>
        </test-method> <!-- verifyLogin -->
        <test-method is-config="true" signature="kill()[pri:0, instance:com.orangeHRM.qa.tests.LoginPageTest@36ebc363]" started-at="2024-06-26T19:42:27Z" name="kill" finished-at="2024-06-26T19:42:27Z" duration-ms="148" status="PASS">
          <reporter-output>
          </reporter-output>
        </test-method> <!-- kill -->
      </class> <!-- com.orangeHRM.qa.tests.LoginPageTest -->
    </test> <!-- Surefire test -->
  </suite> <!-- Surefire suite -->
</testng-results>
