<?xml version="1.0" encoding="UTF-8"?>
<!-- Generated by org.testng.reporters.JUnitXMLReporter -->
<testsuite ignored="1" hostname="ImPacific" failures="0" tests="2" name="Test" time="18.21" errors="0" timestamp="2024-06-27T01:11:41 IST">
  <testcase classname="com.orangeHRM.qa.tests.LoginPageTest" name="verifyLogin" time="0.057"/>
  <testcase classname="com.orangeHRM.qa.tests.MyInfoPageTest" name="validateUserCanEditPersonalDetails" time="0.774"/>
  <testcase classname="com.orangeHRM.qa.tests.MyInfoPageTest" name="validateUserIsAbleToSeePersonalDetails" time="0.0">
    <ignored/>
  </testcase> <!-- validateUserIsAbleToSeePersonalDetails -->
</testsuite> <!-- Test -->
