<?xml version="1.0" encoding="UTF-8"?>
<testng-results ignored="1" total="3" passed="2" failed="0" skipped="0">
  <reporter-output>
  </reporter-output>
  <suite started-at="2024-06-27T01:11:23 IST" name="AutomationSuite" finished-at="2024-06-27T01:11:41 IST" duration-ms="18210">
    <groups>
    </groups>
    <test started-at="2024-06-27T01:11:23 IST" name="Test" finished-at="2024-06-27T01:11:41 IST" duration-ms="18210">
      <class name="com.orangeHRM.qa.tests.MyInfoPageTest">
        <test-method is-config="true" signature="setup()[pri:0, instance:com.orangeHRM.qa.tests.MyInfoPageTest@6404f418]" started-at="2024-06-27T01:11:28 IST" name="setup" finished-at="2024-06-27T01:11:40 IST" duration-ms="12274" status="PASS">
          <reporter-output>
          </reporter-output>
        </test-method> <!-- setup -->
        <test-method signature="validateUserCanEditPersonalDetails()[pri:0, instance:com.orangeHRM.qa.tests.MyInfoPageTest@6404f418]" started-at="2024-06-27T01:11:40 IST" name="validateUserCanEditPersonalDetails" finished-at="2024-06-27T01:11:41 IST" duration-ms="774" status="PASS">
          <reporter-output>
          </reporter-output>
        </test-method> <!-- validateUserCanEditPersonalDetails -->
        <test-method is-config="true" signature="kill()[pri:0, instance:com.orangeHRM.qa.tests.MyInfoPageTest@6404f418]" started-at="2024-06-27T01:11:41 IST" name="kill" finished-at="2024-06-27T01:11:41 IST" duration-ms="129" status="PASS">
          <reporter-output>
          </reporter-output>
        </test-method> <!-- kill -->
      </class> <!-- com.orangeHRM.qa.tests.MyInfoPageTest -->
      <class name="com.orangeHRM.qa.tests.LoginPageTest">
        <test-method is-config="true" signature="setup()[pri:0, instance:com.orangeHRM.qa.tests.LoginPageTest@4229bb3f]" started-at="2024-06-27T01:11:23 IST" name="setup" finished-at="2024-06-27T01:11:28 IST" duration-ms="4821" status="PASS">
          <reporter-output>
          </reporter-output>
        </test-method> <!-- setup -->
        <test-method signature="verifyLogin()[pri:0, instance:com.orangeHRM.qa.tests.LoginPageTest@4229bb3f]" started-at="2024-06-27T01:11:28 IST" name="verifyLogin" finished-at="2024-06-27T01:11:28 IST" duration-ms="57" status="PASS">
          <reporter-output>
          </reporter-output>
        </test-method> <!-- verifyLogin -->
        <test-method is-config="true" signature="kill()[pri:0, instance:com.orangeHRM.qa.tests.LoginPageTest@4229bb3f]" started-at="2024-06-27T01:11:28 IST" name="kill" finished-at="2024-06-27T01:11:28 IST" duration-ms="129" status="PASS">
          <reporter-output>
          </reporter-output>
        </test-method> <!-- kill -->
      </class> <!-- com.orangeHRM.qa.tests.LoginPageTest -->
    </test> <!-- Test -->
  </suite> <!-- AutomationSuite -->
</testng-results>
